2016-11-19 22:21:21 - [DCM] Word too long for image.
No error message.
2016-11-19 22:25:50 - [DCM] IT'S CHRISTMAAAAAAS: too long for image.
No error message.
2016-11-19 22:31:07 - [DCM] IT'S CHRISTMAAAAAAS: CHRISTMAAAAAAStoo long for image.
No error message.
2016-11-19 22:32:39 - [DCM] IT'S CHRISTMAAAAAAS: CHRISTMAAAAAAS is too long for image.
No error message.
2016-11-19 22:48:54 - [DCM] Show ID: { 13322} ShowID: 13322: CHRISTMAAAAAAS is too long for image.
No error message.
2016-11-19 22:50:36 - [DCM] Show ID: {13322} CHRISTMAAAAAAS is too long for image.
No exception error message.
2016-11-19 22:58:07 - [ERROR] Show ID: {string indices must be integers} Could not acess API.
No exception error message.
2016-11-19 22:58:54 - [ERROR] Show ID: {string indices must be integers} Could not acess API.
No exception error message.
2016-11-19 23:00:18 - [ERROR] Show ID: {string indices must be integers} Could not acess API.
No exception error message.
2016-11-19 23:01:50 - [API] Show ID: {} Could not acess API.
No exception error message.
2016-11-19 23:02:15 - [DCM] Show ID: {13322} CHRISTMAAAAAAS is too long for image.
No exception error message.
2016-11-19 23:05:24 - [DCM] Show ID: {13322} CHRISTMAAAAAAS is too long for image.
No exception error message.
